<?xml version="1.0" encoding="UTF-8"?>
<!-- Generated by org.testng.reporters.JUnitReportReporter -->
<testsuite hostname="DESKTOP-V39QH6A" failures="0" tests="1" name="Tests.RandomNum" time="0.103" errors="0" timestamp="2022-07-04T08:39:11 IST" skipped="0">
  <testcase classname="Tests.RandomNum" name="randomN" time="0.103"/>
  <system-out/>
</testsuite> <!-- Tests.RandomNum -->
