<?xml version="1.0" encoding="UTF-8"?>
<!-- Generated by org.testng.reporters.JUnitReportReporter -->
<testsuite hostname="DESKTOP-V39QH6A" failures="0" tests="1" name="Tests.creatingUser" time="13.696" errors="0" timestamp="2022-07-05T00:41:40 IST" skipped="0">
  <testcase classname="Tests.creatingUser" name="createUser" time="13.696"/>
  <system-out/>
</testsuite> <!-- Tests.creatingUser -->
