<?xml version="1.0" encoding="UTF-8"?>
<!-- Generated by org.testng.reporters.JUnitReportReporter -->
<testsuite hostname="DESKTOP-V39QH6A" failures="0" tests="1" name="com.ob.tests.DepositAmount" time="69.347" errors="0" timestamp="2022-07-07T00:42:51 IST" skipped="0">
  <testcase classname="com.ob.tests.DepositAmount" name="depositAmount" time="69.347"/>
  <system-out/>
</testsuite> <!-- com.ob.tests.DepositAmount -->
