<?xml version="1.0" encoding="UTF-8"?>
<!-- Generated by org.testng.reporters.JUnitReportReporter -->
<testsuite hostname="DESKTOP-V39QH6A" failures="0" tests="1" name="com.ob.tests.creatingUser" time="27.704" errors="0" timestamp="2022-07-07T08:14:57 IST" skipped="0">
  <testcase classname="com.ob.tests.creatingUser" name="createUser" time="27.704"/>
  <system-out/>
</testsuite> <!-- com.ob.tests.creatingUser -->
